<?xml version="1.0" encoding="UTF-8"?>
<!-- Generated by org.testng.reporters.JUnitReportReporter -->
<testsuite skipped="0" hostname="Taslim" name="landingpage.DropDownMenu1" tests="2" failures="0" timestamp="2021-04-05T11:12:57 EDT" time="18.352" errors="0">
  <testcase name="dropDownMenu" time="9.882" classname="landingpage.DropDownMenu1"/>
  <system-out/>
  <testcase name="dropDownMenu" time="8.470" classname="landingpage.DropDownMenu1"/>
  <system-out/>
</testsuite> <!-- landingpage.DropDownMenu1 -->
