<?xml version="1.0" encoding="UTF-8"?>
<!-- Generated by org.testng.reporters.JUnitReportReporter -->
<testsuite skipped="0" hostname="Taslim" name="landingpage.HomePage" tests="1" failures="0" timestamp="2021-04-05T11:13:23 EDT" time="10.765" errors="0">
  <testcase name="test1" time="10.765" classname="landingpage.HomePage"/>
  <system-out/>
</testsuite> <!-- landingpage.HomePage -->
