<?xml version="1.0" encoding="UTF-8"?>
<!-- Generated by org.testng.reporters.JUnitReportReporter -->
<testsuite skipped="0" hostname="Taslim" name="landingpage.SearchPage" tests="1" failures="0" timestamp="2021-04-05T11:13:23 EDT" time="12.715" errors="0">
  <testcase name="test2" time="12.715" classname="landingpage.SearchPage"/>
  <system-out/>
</testsuite> <!-- landingpage.SearchPage -->
