<?xml version="1.0" encoding="UTF-8"?>
<!-- Generated by org.testng.reporters.JUnitReportReporter -->
<testsuite skipped="0" hostname="Taslim" name="homepage.TestSearchPage" tests="1" failures="0" timestamp="2021-04-05T11:14:55 EDT" time="36.146" errors="0">
  <testcase name="search" time="36.146" classname="homepage.TestSearchPage"/>
  <system-out/>
</testsuite> <!-- homepage.TestSearchPage -->
