<?xml version="1.0" encoding="UTF-8"?>
<!-- Generated by org.testng.reporters.JUnitReportReporter -->
<testsuite skipped="0" hostname="Taslim" name="homepage.NewsPage" tests="1" failures="0" timestamp="2021-04-05T11:14:55 EDT" time="36.069" errors="0">
  <testcase name="test1" time="36.069" classname="homepage.NewsPage"/>
  <system-out/>
</testsuite> <!-- homepage.NewsPage -->
